#
# There is insufficient memory for the Java Runtime Environment to continue.
# Native memory allocation (malloc) failed to allocate 1349136 bytes for Chunk::new
# Possible reasons:
#   The system is out of physical RAM or swap space
#   The process is running with CompressedOops enabled, and the Java Heap may be blocking the growth of the native heap
# Possible solutions:
#   Reduce memory load on the system
#   Increase physical memory or swap space
#   Check if swap backing store is full
#   Decrease Java heap size (-Xmx/-Xms)
#   Decrease number of Java threads
#   Decrease Java thread stack sizes (-Xss)
#   Set larger code cache with -XX:ReservedCodeCacheSize=
#   JVM is running with Unscaled Compressed Oops mode in which the Java heap is
#     placed in the first 4GB address space. The Java Heap base address is the
#     maximum limit for the native heap growth. Please use -XX:HeapBaseMinAddress
#     to set the Java Heap base and to place the Java Heap above 4GB virtual address.
# This output file may be truncated or incomplete.
#
#  Out of Memory Error (./src/hotspot/share/memory/arena.cpp:197), pid=11224, tid=10044
#
# JRE version: OpenJDK Runtime Environment OpenLogic-OpenJDK (11.0.16+8) (build 11.0.16+8-adhoc..jdk11u)
# Java VM: OpenJDK 64-Bit Server VM OpenLogic-OpenJDK (11.0.16+8-adhoc..jdk11u, mixed mode, tiered, compressed oops, g1 gc, windows-amd64)
# No core dump will be written. Minidumps are not enabled by default on client versions of Windows
#

---------------  S U M M A R Y ------------

Command Line: --add-opens=java.base/java.util=ALL-UNNAMED --add-opens=java.base/java.lang=ALL-UNNAMED --add-opens=java.base/java.lang.invoke=ALL-UNNAMED --add-opens=java.base/java.util=ALL-UNNAMED --add-opens=java.prefs/java.util.prefs=ALL-UNNAMED --add-opens=java.prefs/java.util.prefs=ALL-UNNAMED --add-opens=java.base/java.nio.charset=ALL-UNNAMED --add-opens=java.base/java.net=ALL-UNNAMED --add-opens=java.base/java.util.concurrent.atomic=ALL-UNNAMED -XX:MaxMetaspaceSize=256m -XX:+HeapDumpOnOutOfMemoryError -Xms256m -Xmx512m -Dfile.encoding=utf8 -Duser.country=IN -Duser.language=en -Duser.variant org.gradle.launcher.daemon.bootstrap.GradleDaemon 7.2

Host: Intel(R) Core(TM) i5-7400 CPU @ 3.00GHz, 4 cores, 7G,  Windows 10 , 64 bit Build 19041 (10.0.19041.1889)
Time: Tue Oct 11 11:18:55 2022 India Standard Time elapsed time: 4.283021 seconds (0d 0h 0m 4s)

---------------  T H R E A D  ---------------

Current thread (0x00000257ad8b4000):  JavaThread "C2 CompilerThread1" daemon [_thread_in_native, id=10044, stack(0x000000c968d00000,0x000000c968e00000)]


Current CompileTask:
C2:   4283 3627       4       groovy.lang.MetaClassImpl$1MOPIter::methodNameAction (325 bytes)

Stack: [0x000000c968d00000,0x000000c968e00000]
Native frames: (J=compiled Java code, j=interpreted, Vv=VM code, C=native code)
V  [jvm.dll+0x61a63a]
V  [jvm.dll+0x757439]
V  [jvm.dll+0x758b28]
V  [jvm.dll+0x759203]
V  [jvm.dll+0x24d9a8]
V  [jvm.dll+0xc148c]
V  [jvm.dll+0xc1a4c]
V  [jvm.dll+0x357127]
V  [jvm.dll+0x323373]
V  [jvm.dll+0x3226aa]
V  [jvm.dll+0x206db5]
V  [jvm.dll+0x205edd]
V  [jvm.dll+0x187ec1]
V  [jvm.dll+0x2156a4]
V  [jvm.dll+0x2138eb]
V  [jvm.dll+0x71a000]
V  [jvm.dll+0x712f34]
V  [jvm.dll+0x6194a5]
C  [ucrtbase.dll+0x21bb2]
C  [KERNEL32.DLL+0x17034]
C  [ntdll.dll+0x526a1]


---------------  P R O C E S S  ---------------

Threads class SMR info:
_java_thread_list=0x00000257b29aea70, length=36, elements={
0x000002578ea5d800, 0x00000257acd20000, 0x00000257acd29800, 0x00000257ad6a3000,
0x00000257acd36000, 0x00000257acd37000, 0x00000257acd3e000, 0x00000257acd3f000,
0x00000257acd43000, 0x00000257ad83a000, 0x00000257ad8b4000, 0x00000257aed43000,
0x00000257afa3f800, 0x00000257af987800, 0x00000257af4e5000, 0x00000257af8c7000,
0x00000257afdd6800, 0x00000257add2f800, 0x00000257add30800, 0x00000257afdd4800,
0x00000257afb6c000, 0x00000257afee6800, 0x00000257afee7000, 0x00000257afee8000,
0x00000257afee8800, 0x00000257af869800, 0x00000257af86e800, 0x00000257af868800,
0x00000257af86a800, 0x00000257af870000, 0x00000257af86b000, 0x00000257af86f000,
0x00000257af86d000, 0x00000257af86d800, 0x00000257af86c000, 0x00000257af875000
}

Java Threads: ( => current thread )
  0x000002578ea5d800 JavaThread "main" [_thread_blocked, id=4688, stack(0x000000c967c00000,0x000000c967d00000)]
  0x00000257acd20000 JavaThread "Reference Handler" daemon [_thread_blocked, id=1852, stack(0x000000c968300000,0x000000c968400000)]
  0x00000257acd29800 JavaThread "Finalizer" daemon [_thread_blocked, id=10540, stack(0x000000c968400000,0x000000c968500000)]
  0x00000257ad6a3000 JavaThread "Signal Dispatcher" daemon [_thread_blocked, id=12028, stack(0x000000c968500000,0x000000c968600000)]
  0x00000257acd36000 JavaThread "Attach Listener" daemon [_thread_blocked, id=10752, stack(0x000000c968600000,0x000000c968700000)]
  0x00000257acd37000 JavaThread "Service Thread" daemon [_thread_blocked, id=8664, stack(0x000000c968700000,0x000000c968800000)]
  0x00000257acd3e000 JavaThread "C2 CompilerThread0" daemon [_thread_in_native, id=9464, stack(0x000000c968800000,0x000000c968900000)]
  0x00000257acd3f000 JavaThread "C1 CompilerThread0" daemon [_thread_blocked, id=4328, stack(0x000000c968900000,0x000000c968a00000)]
  0x00000257acd43000 JavaThread "Sweeper thread" daemon [_thread_blocked, id=11728, stack(0x000000c968a00000,0x000000c968b00000)]
  0x00000257ad83a000 JavaThread "Common-Cleaner" daemon [_thread_blocked, id=8204, stack(0x000000c968b00000,0x000000c968c00000)]
=>0x00000257ad8b4000 JavaThread "C2 CompilerThread1" daemon [_thread_in_native, id=10044, stack(0x000000c968d00000,0x000000c968e00000)]
  0x00000257aed43000 JavaThread "Daemon health stats" [_thread_blocked, id=11988, stack(0x000000c969100000,0x000000c969200000)]
  0x00000257afa3f800 JavaThread "Incoming local TCP Connector on port 9351" [_thread_in_native, id=9328, stack(0x000000c969200000,0x000000c969300000)]
  0x00000257af987800 JavaThread "Daemon periodic checks" [_thread_blocked, id=8548, stack(0x000000c969300000,0x000000c969400000)]
  0x00000257af4e5000 JavaThread "Daemon" [_thread_blocked, id=548, stack(0x000000c969400000,0x000000c969500000)]
  0x00000257af8c7000 JavaThread "Handler for socket connection from /127.0.0.1:9351 to /127.0.0.1:9352" [_thread_in_native, id=8108, stack(0x000000c969500000,0x000000c969600000)]
  0x00000257afdd6800 JavaThread "Cancel handler" [_thread_blocked, id=9460, stack(0x000000c969600000,0x000000c969700000)]
  0x00000257add2f800 JavaThread "Daemon worker" [_thread_in_vm, id=5660, stack(0x000000c969700000,0x000000c969800000)]
  0x00000257add30800 JavaThread "Asynchronous log dispatcher for DefaultDaemonConnection: socket connection from /127.0.0.1:9351 to /127.0.0.1:9352" [_thread_blocked, id=1756, stack(0x000000c969800000,0x000000c969900000)]
  0x00000257afdd4800 JavaThread "Stdin handler" [_thread_blocked, id=9636, stack(0x000000c969900000,0x000000c969a00000)]
  0x00000257afb6c000 JavaThread "Daemon client event forwarder" [_thread_blocked, id=4964, stack(0x000000c969a00000,0x000000c969b00000)]
  0x00000257afee6800 JavaThread "Cache worker for journal cache (C:\Users\saida\.gradle\caches\journal-1)" [_thread_blocked, id=12212, stack(0x000000c969b00000,0x000000c969c00000)]
  0x00000257afee7000 JavaThread "File lock request listener" [_thread_in_native, id=9264, stack(0x000000c969c00000,0x000000c969d00000)]
  0x00000257afee8000 JavaThread "Cache worker for file hash cache (C:\Users\saida\.gradle\caches\7.2\fileHashes)" [_thread_blocked, id=11708, stack(0x000000c969d00000,0x000000c969e00000)]
  0x00000257afee8800 JavaThread "Cache worker for file hash cache (H:\web dev projects\hackerkid\android\.gradle\7.2\fileHashes)" [_thread_blocked, id=7676, stack(0x000000c969e00000,0x000000c969f00000)]
  0x00000257af869800 JavaThread "File watcher server" daemon [_thread_in_native, id=9880, stack(0x000000c969f00000,0x000000c96a000000)]
  0x00000257af86e800 JavaThread "File watcher consumer" daemon [_thread_blocked, id=1116, stack(0x000000c96a000000,0x000000c96a100000)]
  0x00000257af868800 JavaThread "jar transforms" [_thread_blocked, id=420, stack(0x000000c96a100000,0x000000c96a200000)]
  0x00000257af86a800 JavaThread "jar transforms Thread 2" [_thread_blocked, id=9344, stack(0x000000c96a200000,0x000000c96a300000)]
  0x00000257af870000 JavaThread "Cache worker for checksums cache (H:\web dev projects\hackerkid\android\.gradle\checksums)" [_thread_blocked, id=10216, stack(0x000000c96a300000,0x000000c96a400000)]
  0x00000257af86b000 JavaThread "Cache worker for cache directory md-supplier (C:\Users\saida\.gradle\caches\7.2\md-supplier)" [_thread_blocked, id=6084, stack(0x000000c96a400000,0x000000c96a500000)]
  0x00000257af86f000 JavaThread "Cache worker for cache directory md-rule (C:\Users\saida\.gradle\caches\7.2\md-rule)" [_thread_blocked, id=11280, stack(0x000000c96a500000,0x000000c96a600000)]
  0x00000257af86d000 JavaThread "Cache worker for execution history cache (C:\Users\saida\.gradle\caches\7.2\executionHistory)" [_thread_blocked, id=5756, stack(0x000000c96a600000,0x000000c96a700000)]
  0x00000257af86d800 JavaThread "jar transforms Thread 3" [_thread_blocked, id=5636, stack(0x000000c96a700000,0x000000c96a800000)]
  0x00000257af86c000 JavaThread "jar transforms Thread 4" [_thread_blocked, id=7824, stack(0x000000c96a800000,0x000000c96a900000)]
  0x00000257af875000 JavaThread "Cache worker for file content cache (C:\Users\saida\.gradle\caches\7.2\fileContent)" [_thread_blocked, id=10692, stack(0x000000c96a900000,0x000000c96aa00000)]

Other Threads:
  0x00000257accea800 VMThread "VM Thread" [stack: 0x000000c968200000,0x000000c968300000] [id=9672]
  0x00000257ad840000 WatcherThread [stack: 0x000000c968c00000,0x000000c968d00000] [id=4400]
  0x000002578ea71800 GCTaskThread "GC Thread#0" [stack: 0x000000c967d00000,0x000000c967e00000] [id=11716]
  0x00000257ae488000 GCTaskThread "GC Thread#1" [stack: 0x000000c968e00000,0x000000c968f00000] [id=11580]
  0x00000257ae547000 GCTaskThread "GC Thread#2" [stack: 0x000000c968f00000,0x000000c969000000] [id=7436]
  0x00000257ae43e000 GCTaskThread "GC Thread#3" [stack: 0x000000c969000000,0x000000c969100000] [id=5352]
  0x000002578ea81800 ConcurrentGCThread "G1 Main Marker" [stack: 0x000000c967e00000,0x000000c967f00000] [id=8620]
  0x000002578ea83000 ConcurrentGCThread "G1 Conc#0" [stack: 0x000000c967f00000,0x000000c968000000] [id=2864]
  0x00000257acb82800 ConcurrentGCThread "G1 Refine#0" [stack: 0x000000c968000000,0x000000c968100000] [id=12272]
  0x00000257acb83800 ConcurrentGCThread "G1 Young RemSet Sampling" [stack: 0x000000c968100000,0x000000c968200000] [id=6456]

Threads with active compile tasks:
C2 CompilerThread0     4306 3698       4       java.util.Arrays::binarySearch0 (95 bytes)
C2 CompilerThread1     4306 3627       4       groovy.lang.MetaClassImpl$1MOPIter::methodNameAction (325 bytes)

VM state:not at safepoint (normal execution)

VM Mutex/Monitor currently owned by a thread: None

Heap address: 0x00000000e0000000, size: 512 MB, Compressed Oops mode: 32-bit
Narrow klass base: 0x0000000000000000, Narrow klass shift: 3
Compressed class space size: 260046848 Address: 0x0000000100000000

Heap:
 garbage-first heap   total 262144K, used 81811K [0x00000000e0000000, 0x0000000100000000)
  region size 1024K, 62 young (63488K), 8 survivors (8192K)
 Metaspace       used 41423K, capacity 42537K, committed 42672K, reserved 292864K
  class space    used 5175K, capacity 5566K, committed 5632K, reserved 253952K
Heap Regions: E=young(eden), S=young(survivor), O=old, HS=humongous(starts), HC=humongous(continues), CS=collection set, F=free, A=archive, TAMS=top-at-mark-start (previous, next)
|   0|0x00000000e0000000, 0x00000000e0100000, 0x00000000e0100000|100%| O|  |TAMS 0x00000000e0100000, 0x00000000e0000000| Untracked 
|   1|0x00000000e0100000, 0x00000000e0200000, 0x00000000e0200000|100%| O|  |TAMS 0x00000000e0200000, 0x00000000e0100000| Untracked 
|   2|0x00000000e0200000, 0x00000000e0300000, 0x00000000e0300000|100%| O|  |TAMS 0x00000000e0300000, 0x00000000e0200000| Untracked 
|   3|0x00000000e0300000, 0x00000000e0400000, 0x00000000e0400000|100%|HS|  |TAMS 0x00000000e0400000, 0x00000000e0300000| Complete 
|   4|0x00000000e0400000, 0x00000000e0500000, 0x00000000e0500000|100%|HC|  |TAMS 0x00000000e0500000, 0x00000000e0400000| Complete 
|   5|0x00000000e0500000, 0x00000000e0600000, 0x00000000e0600000|100%|HC|  |TAMS 0x00000000e0600000, 0x00000000e0500000| Complete 
|   6|0x00000000e0600000, 0x00000000e0700000, 0x00000000e0700000|100%| O|  |TAMS 0x00000000e0700000, 0x00000000e0600000| Untracked 
|   7|0x00000000e0700000, 0x00000000e0800000, 0x00000000e0800000|100%| O|  |TAMS 0x00000000e0800000, 0x00000000e0700000| Untracked 
|   8|0x00000000e0800000, 0x00000000e0900000, 0x00000000e0900000|100%| O|  |TAMS 0x00000000e0900000, 0x00000000e0800000| Untracked 
|   9|0x00000000e0900000, 0x00000000e0a00000, 0x00000000e0a00000|100%| O|  |TAMS 0x00000000e0a00000, 0x00000000e0900000| Untracked 
|  10|0x00000000e0a00000, 0x00000000e0b00000, 0x00000000e0b00000|100%| O|  |TAMS 0x00000000e0b00000, 0x00000000e0a00000| Untracked 
|  11|0x00000000e0b00000, 0x00000000e0c00000, 0x00000000e0c00000|100%| O|  |TAMS 0x00000000e0c00000, 0x00000000e0b00000| Untracked 
|  12|0x00000000e0c00000, 0x00000000e0d00000, 0x00000000e0d00000|100%| O|  |TAMS 0x00000000e0d00000, 0x00000000e0c00000| Untracked 
|  13|0x00000000e0d00000, 0x00000000e0e00000, 0x00000000e0e00000|100%| O|  |TAMS 0x00000000e0e00000, 0x00000000e0d00000| Untracked 
|  14|0x00000000e0e00000, 0x00000000e0f00000, 0x00000000e0f00000|100%| O|  |TAMS 0x00000000e0f00000, 0x00000000e0e00000| Untracked 
|  15|0x00000000e0f00000, 0x00000000e1000000, 0x00000000e1000000|100%| O|  |TAMS 0x00000000e1000000, 0x00000000e0f00000| Untracked 
|  16|0x00000000e1000000, 0x00000000e1071000, 0x00000000e1100000| 44%| O|  |TAMS 0x00000000e1071000, 0x00000000e1000000| Untracked 
|  17|0x00000000e1100000, 0x00000000e1200000, 0x00000000e1200000|100%|HS|  |TAMS 0x00000000e1100000, 0x00000000e1100000| Complete 
|  18|0x00000000e1200000, 0x00000000e1300000, 0x00000000e1300000|100%|HS|  |TAMS 0x00000000e1200000, 0x00000000e1200000| Complete 
|  19|0x00000000e1300000, 0x00000000e1400000, 0x00000000e1400000|100%|HC|  |TAMS 0x00000000e1300000, 0x00000000e1300000| Complete 
|  20|0x00000000e1400000, 0x00000000e1400000, 0x00000000e1500000|  0%| F|  |TAMS 0x00000000e1400000, 0x00000000e1400000| Untracked 
|  21|0x00000000e1500000, 0x00000000e1500000, 0x00000000e1600000|  0%| F|  |TAMS 0x00000000e1500000, 0x00000000e1500000| Untracked 
|  22|0x00000000e1600000, 0x00000000e1600000, 0x00000000e1700000|  0%| F|  |TAMS 0x00000000e1600000, 0x00000000e1600000| Untracked 
|  23|0x00000000e1700000, 0x00000000e1700000, 0x00000000e1800000|  0%| F|  |TAMS 0x00000000e1700000, 0x00000000e1700000| Untracked 
|  24|0x00000000e1800000, 0x00000000e1800000, 0x00000000e1900000|  0%| F|  |TAMS 0x00000000e1800000, 0x00000000e1800000| Untracked 
|  25|0x00000000e1900000, 0x00000000e1900000, 0x00000000e1a00000|  0%| F|  |TAMS 0x00000000e1900000, 0x00000000e1900000| Untracked 
|  26|0x00000000e1a00000, 0x00000000e1a00000, 0x00000000e1b00000|  0%| F|  |TAMS 0x00000000e1a00000, 0x00000000e1a00000| Untracked 
|  27|0x00000000e1b00000, 0x00000000e1b00000, 0x00000000e1c00000|  0%| F|  |TAMS 0x00000000e1b00000, 0x00000000e1b00000| Untracked 
|  28|0x00000000e1c00000, 0x00000000e1c00000, 0x00000000e1d00000|  0%| F|  |TAMS 0x00000000e1c00000, 0x00000000e1c00000| Untracked 
|  29|0x00000000e1d00000, 0x00000000e1d00000, 0x00000000e1e00000|  0%| F|  |TAMS 0x00000000e1d00000, 0x00000000e1d00000| Untracked 
|  30|0x00000000e1e00000, 0x00000000e1e00000, 0x00000000e1f00000|  0%| F|  |TAMS 0x00000000e1e00000, 0x00000000e1e00000| Untracked 
|  31|0x00000000e1f00000, 0x00000000e1f00000, 0x00000000e2000000|  0%| F|  |TAMS 0x00000000e1f00000, 0x00000000e1f00000| Untracked 
|  32|0x00000000e2000000, 0x00000000e2000000, 0x00000000e2100000|  0%| F|  |TAMS 0x00000000e2000000, 0x00000000e2000000| Untracked 
|  33|0x00000000e2100000, 0x00000000e2100000, 0x00000000e2200000|  0%| F|  |TAMS 0x00000000e2100000, 0x00000000e2100000| Untracked 
|  34|0x00000000e2200000, 0x00000000e2200000, 0x00000000e2300000|  0%| F|  |TAMS 0x00000000e2200000, 0x00000000e2200000| Untracked 
|  35|0x00000000e2300000, 0x00000000e2300000, 0x00000000e2400000|  0%| F|  |TAMS 0x00000000e2300000, 0x00000000e2300000| Untracked 
|  36|0x00000000e2400000, 0x00000000e2400000, 0x00000000e2500000|  0%| F|  |TAMS 0x00000000e2400000, 0x00000000e2400000| Untracked 
|  37|0x00000000e2500000, 0x00000000e2500000, 0x00000000e2600000|  0%| F|  |TAMS 0x00000000e2500000, 0x00000000e2500000| Untracked 
|  38|0x00000000e2600000, 0x00000000e2600000, 0x00000000e2700000|  0%| F|  |TAMS 0x00000000e2600000, 0x00000000e2600000| Untracked 
|  39|0x00000000e2700000, 0x00000000e2700000, 0x00000000e2800000|  0%| F|  |TAMS 0x00000000e2700000, 0x00000000e2700000| Untracked 
|  40|0x00000000e2800000, 0x00000000e2800000, 0x00000000e2900000|  0%| F|  |TAMS 0x00000000e2800000, 0x00000000e2800000| Untracked 
|  41|0x00000000e2900000, 0x00000000e2900000, 0x00000000e2a00000|  0%| F|  |TAMS 0x00000000e2900000, 0x00000000e2900000| Untracked 
|  42|0x00000000e2a00000, 0x00000000e2a00000, 0x00000000e2b00000|  0%| F|  |TAMS 0x00000000e2a00000, 0x00000000e2a00000| Untracked 
|  43|0x00000000e2b00000, 0x00000000e2b00000, 0x00000000e2c00000|  0%| F|  |TAMS 0x00000000e2b00000, 0x00000000e2b00000| Untracked 
|  44|0x00000000e2c00000, 0x00000000e2c00000, 0x00000000e2d00000|  0%| F|  |TAMS 0x00000000e2c00000, 0x00000000e2c00000| Untracked 
|  45|0x00000000e2d00000, 0x00000000e2d00000, 0x00000000e2e00000|  0%| F|  |TAMS 0x00000000e2d00000, 0x00000000e2d00000| Untracked 
|  46|0x00000000e2e00000, 0x00000000e2e00000, 0x00000000e2f00000|  0%| F|  |TAMS 0x00000000e2e00000, 0x00000000e2e00000| Untracked 
|  47|0x00000000e2f00000, 0x00000000e2f00000, 0x00000000e3000000|  0%| F|  |TAMS 0x00000000e2f00000, 0x00000000e2f00000| Untracked 
|  48|0x00000000e3000000, 0x00000000e3000000, 0x00000000e3100000|  0%| F|  |TAMS 0x00000000e3000000, 0x00000000e3000000| Untracked 
|  49|0x00000000e3100000, 0x00000000e3100000, 0x00000000e3200000|  0%| F|  |TAMS 0x00000000e3100000, 0x00000000e3100000| Untracked 
|  50|0x00000000e3200000, 0x00000000e3200000, 0x00000000e3300000|  0%| F|  |TAMS 0x00000000e3200000, 0x00000000e3200000| Untracked 
|  51|0x00000000e3300000, 0x00000000e3300000, 0x00000000e3400000|  0%| F|  |TAMS 0x00000000e3300000, 0x00000000e3300000| Untracked 
|  52|0x00000000e3400000, 0x00000000e3400000, 0x00000000e3500000|  0%| F|  |TAMS 0x00000000e3400000, 0x00000000e3400000| Untracked 
|  53|0x00000000e3500000, 0x00000000e3500000, 0x00000000e3600000|  0%| F|  |TAMS 0x00000000e3500000, 0x00000000e3500000| Untracked 
|  54|0x00000000e3600000, 0x00000000e3600000, 0x00000000e3700000|  0%| F|  |TAMS 0x00000000e3600000, 0x00000000e3600000| Untracked 
|  55|0x00000000e3700000, 0x00000000e3700000, 0x00000000e3800000|  0%| F|  |TAMS 0x00000000e3700000, 0x00000000e3700000| Untracked 
|  56|0x00000000e3800000, 0x00000000e3800000, 0x00000000e3900000|  0%| F|  |TAMS 0x00000000e3800000, 0x00000000e3800000| Untracked 
|  57|0x00000000e3900000, 0x00000000e3900000, 0x00000000e3a00000|  0%| F|  |TAMS 0x00000000e3900000, 0x00000000e3900000| Untracked 
|  58|0x00000000e3a00000, 0x00000000e3a00000, 0x00000000e3b00000|  0%| F|  |TAMS 0x00000000e3a00000, 0x00000000e3a00000| Untracked 
|  59|0x00000000e3b00000, 0x00000000e3b00000, 0x00000000e3c00000|  0%| F|  |TAMS 0x00000000e3b00000, 0x00000000e3b00000| Untracked 
|  60|0x00000000e3c00000, 0x00000000e3c00000, 0x00000000e3d00000|  0%| F|  |TAMS 0x00000000e3c00000, 0x00000000e3c00000| Untracked 
|  61|0x00000000e3d00000, 0x00000000e3d00000, 0x00000000e3e00000|  0%| F|  |TAMS 0x00000000e3d00000, 0x00000000e3d00000| Untracked 
|  62|0x00000000e3e00000, 0x00000000e3e00000, 0x00000000e3f00000|  0%| F|  |TAMS 0x00000000e3e00000, 0x00000000e3e00000| Untracked 
|  63|0x00000000e3f00000, 0x00000000e3f00000, 0x00000000e4000000|  0%| F|  |TAMS 0x00000000e3f00000, 0x00000000e3f00000| Untracked 
|  64|0x00000000e4000000, 0x00000000e4000000, 0x00000000e4100000|  0%| F|  |TAMS 0x00000000e4000000, 0x00000000e4000000| Untracked 
|  65|0x00000000e4100000, 0x00000000e4100000, 0x00000000e4200000|  0%| F|  |TAMS 0x00000000e4100000, 0x00000000e4100000| Untracked 
|  66|0x00000000e4200000, 0x00000000e4200000, 0x00000000e4300000|  0%| F|  |TAMS 0x00000000e4200000, 0x00000000e4200000| Untracked 
|  67|0x00000000e4300000, 0x00000000e4300000, 0x00000000e4400000|  0%| F|  |TAMS 0x00000000e4300000, 0x00000000e4300000| Untracked 
|  68|0x00000000e4400000, 0x00000000e4400000, 0x00000000e4500000|  0%| F|  |TAMS 0x00000000e4400000, 0x00000000e4400000| Untracked 
|  69|0x00000000e4500000, 0x00000000e4500000, 0x00000000e4600000|  0%| F|  |TAMS 0x00000000e4500000, 0x00000000e4500000| Untracked 
|  70|0x00000000e4600000, 0x00000000e4600000, 0x00000000e4700000|  0%| F|  |TAMS 0x00000000e4600000, 0x00000000e4600000| Untracked 
|  71|0x00000000e4700000, 0x00000000e4700000, 0x00000000e4800000|  0%| F|  |TAMS 0x00000000e4700000, 0x00000000e4700000| Untracked 
|  72|0x00000000e4800000, 0x00000000e4800000, 0x00000000e4900000|  0%| F|  |TAMS 0x00000000e4800000, 0x00000000e4800000| Untracked 
|  73|0x00000000e4900000, 0x00000000e4900000, 0x00000000e4a00000|  0%| F|  |TAMS 0x00000000e4900000, 0x00000000e4900000| Untracked 
|  74|0x00000000e4a00000, 0x00000000e4a00000, 0x00000000e4b00000|  0%| F|  |TAMS 0x00000000e4a00000, 0x00000000e4a00000| Untracked 
|  75|0x00000000e4b00000, 0x00000000e4b00000, 0x00000000e4c00000|  0%| F|  |TAMS 0x00000000e4b00000, 0x00000000e4b00000| Untracked 
|  76|0x00000000e4c00000, 0x00000000e4c00000, 0x00000000e4d00000|  0%| F|  |TAMS 0x00000000e4c00000, 0x00000000e4c00000| Untracked 
|  77|0x00000000e4d00000, 0x00000000e4d00000, 0x00000000e4e00000|  0%| F|  |TAMS 0x00000000e4d00000, 0x00000000e4d00000| Untracked 
|  78|0x00000000e4e00000, 0x00000000e4e00000, 0x00000000e4f00000|  0%| F|  |TAMS 0x00000000e4e00000, 0x00000000e4e00000| Untracked 
|  79|0x00000000e4f00000, 0x00000000e4f00000, 0x00000000e5000000|  0%| F|  |TAMS 0x00000000e4f00000, 0x00000000e4f00000| Untracked 
|  80|0x00000000e5000000, 0x00000000e5000000, 0x00000000e5100000|  0%| F|  |TAMS 0x00000000e5000000, 0x00000000e5000000| Untracked 
|  81|0x00000000e5100000, 0x00000000e5100000, 0x00000000e5200000|  0%| F|  |TAMS 0x00000000e5100000, 0x00000000e5100000| Untracked 
|  82|0x00000000e5200000, 0x00000000e5200000, 0x00000000e5300000|  0%| F|  |TAMS 0x00000000e5200000, 0x00000000e5200000| Untracked 
|  83|0x00000000e5300000, 0x00000000e5300000, 0x00000000e5400000|  0%| F|  |TAMS 0x00000000e5300000, 0x00000000e5300000| Untracked 
|  84|0x00000000e5400000, 0x00000000e5400000, 0x00000000e5500000|  0%| F|  |TAMS 0x00000000e5400000, 0x00000000e5400000| Untracked 
|  85|0x00000000e5500000, 0x00000000e5500000, 0x00000000e5600000|  0%| F|  |TAMS 0x00000000e5500000, 0x00000000e5500000| Untracked 
|  86|0x00000000e5600000, 0x00000000e5600000, 0x00000000e5700000|  0%| F|  |TAMS 0x00000000e5600000, 0x00000000e5600000| Untracked 
|  87|0x00000000e5700000, 0x00000000e5700000, 0x00000000e5800000|  0%| F|  |TAMS 0x00000000e5700000, 0x00000000e5700000| Untracked 
|  88|0x00000000e5800000, 0x00000000e5800000, 0x00000000e5900000|  0%| F|  |TAMS 0x00000000e5800000, 0x00000000e5800000| Untracked 
|  89|0x00000000e5900000, 0x00000000e5900000, 0x00000000e5a00000|  0%| F|  |TAMS 0x00000000e5900000, 0x00000000e5900000| Untracked 
|  90|0x00000000e5a00000, 0x00000000e5a00000, 0x00000000e5b00000|  0%| F|  |TAMS 0x00000000e5a00000, 0x00000000e5a00000| Untracked 
|  91|0x00000000e5b00000, 0x00000000e5b00000, 0x00000000e5c00000|  0%| F|  |TAMS 0x00000000e5b00000, 0x00000000e5b00000| Untracked 
|  92|0x00000000e5c00000, 0x00000000e5c00000, 0x00000000e5d00000|  0%| F|  |TAMS 0x00000000e5c00000, 0x00000000e5c00000| Untracked 
|  93|0x00000000e5d00000, 0x00000000e5d00000, 0x00000000e5e00000|  0%| F|  |TAMS 0x00000000e5d00000, 0x00000000e5d00000| Untracked 
|  94|0x00000000e5e00000, 0x00000000e5e00000, 0x00000000e5f00000|  0%| F|  |TAMS 0x00000000e5e00000, 0x00000000e5e00000| Untracked 
|  95|0x00000000e5f00000, 0x00000000e5f00000, 0x00000000e6000000|  0%| F|  |TAMS 0x00000000e5f00000, 0x00000000e5f00000| Untracked 
|  96|0x00000000e6000000, 0x00000000e6000000, 0x00000000e6100000|  0%| F|  |TAMS 0x00000000e6000000, 0x00000000e6000000| Untracked 
|  97|0x00000000e6100000, 0x00000000e6100000, 0x00000000e6200000|  0%| F|  |TAMS 0x00000000e6100000, 0x00000000e6100000| Untracked 
|  98|0x00000000e6200000, 0x00000000e6200000, 0x00000000e6300000|  0%| F|  |TAMS 0x00000000e6200000, 0x00000000e6200000| Untracked 
|  99|0x00000000e6300000, 0x00000000e6300000, 0x00000000e6400000|  0%| F|  |TAMS 0x00000000e6300000, 0x00000000e6300000| Untracked 
| 100|0x00000000e6400000, 0x00000000e6400000, 0x00000000e6500000|  0%| F|  |TAMS 0x00000000e6400000, 0x00000000e6400000| Untracked 
| 101|0x00000000e6500000, 0x00000000e6500000, 0x00000000e6600000|  0%| F|  |TAMS 0x00000000e6500000, 0x00000000e6500000| Untracked 
| 102|0x00000000e6600000, 0x00000000e6600000, 0x00000000e6700000|  0%| F|  |TAMS 0x00000000e6600000, 0x00000000e6600000| Untracked 
| 103|0x00000000e6700000, 0x00000000e6700000, 0x00000000e6800000|  0%| F|  |TAMS 0x00000000e6700000, 0x00000000e6700000| Untracked 
| 104|0x00000000e6800000, 0x00000000e6800000, 0x00000000e6900000|  0%| F|  |TAMS 0x00000000e6800000, 0x00000000e6800000| Untracked 
| 105|0x00000000e6900000, 0x00000000e6900000, 0x00000000e6a00000|  0%| F|  |TAMS 0x00000000e6900000, 0x00000000e6900000| Untracked 
| 106|0x00000000e6a00000, 0x00000000e6a00000, 0x00000000e6b00000|  0%| F|  |TAMS 0x00000000e6a00000, 0x00000000e6a00000| Untracked 
| 107|0x00000000e6b00000, 0x00000000e6b00000, 0x00000000e6c00000|  0%| F|  |TAMS 0x00000000e6b00000, 0x00000000e6b00000| Untracked 
| 108|0x00000000e6c00000, 0x00000000e6c00000, 0x00000000e6d00000|  0%| F|  |TAMS 0x00000000e6c00000, 0x00000000e6c00000| Untracked 
| 109|0x00000000e6d00000, 0x00000000e6d00000, 0x00000000e6e00000|  0%| F|  |TAMS 0x00000000e6d00000, 0x00000000e6d00000| Untracked 
| 110|0x00000000e6e00000, 0x00000000e6e00000, 0x00000000e6f00000|  0%| F|  |TAMS 0x00000000e6e00000, 0x00000000e6e00000| Untracked 
| 111|0x00000000e6f00000, 0x00000000e6f00000, 0x00000000e7000000|  0%| F|  |TAMS 0x00000000e6f00000, 0x00000000e6f00000| Untracked 
| 112|0x00000000e7000000, 0x00000000e7000000, 0x00000000e7100000|  0%| F|  |TAMS 0x00000000e7000000, 0x00000000e7000000| Untracked 
| 113|0x00000000e7100000, 0x00000000e7100000, 0x00000000e7200000|  0%| F|  |TAMS 0x00000000e7100000, 0x00000000e7100000| Untracked 
| 114|0x00000000e7200000, 0x00000000e7200000, 0x00000000e7300000|  0%| F|  |TAMS 0x00000000e7200000, 0x00000000e7200000| Untracked 
| 115|0x00000000e7300000, 0x00000000e7300000, 0x00000000e7400000|  0%| F|  |TAMS 0x00000000e7300000, 0x00000000e7300000| Untracked 
| 116|0x00000000e7400000, 0x00000000e7400000, 0x00000000e7500000|  0%| F|  |TAMS 0x00000000e7400000, 0x00000000e7400000| Untracked 
| 117|0x00000000e7500000, 0x00000000e7500000, 0x00000000e7600000|  0%| F|  |TAMS 0x00000000e7500000, 0x00000000e7500000| Untracked 
| 118|0x00000000e7600000, 0x00000000e7600000, 0x00000000e7700000|  0%| F|  |TAMS 0x00000000e7600000, 0x00000000e7600000| Untracked 
| 119|0x00000000e7700000, 0x00000000e7700000, 0x00000000e7800000|  0%| F|  |TAMS 0x00000000e7700000, 0x00000000e7700000| Untracked 
| 120|0x00000000e7800000, 0x00000000e7800000, 0x00000000e7900000|  0%| F|  |TAMS 0x00000000e7800000, 0x00000000e7800000| Untracked 
| 121|0x00000000e7900000, 0x00000000e7900000, 0x00000000e7a00000|  0%| F|  |TAMS 0x00000000e7900000, 0x00000000e7900000| Untracked 
| 122|0x00000000e7a00000, 0x00000000e7a00000, 0x00000000e7b00000|  0%| F|  |TAMS 0x00000000e7a00000, 0x00000000e7a00000| Untracked 
| 123|0x00000000e7b00000, 0x00000000e7b00000, 0x00000000e7c00000|  0%| F|  |TAMS 0x00000000e7b00000, 0x00000000e7b00000| Untracked 
| 124|0x00000000e7c00000, 0x00000000e7c00000, 0x00000000e7d00000|  0%| F|  |TAMS 0x00000000e7c00000, 0x00000000e7c00000| Untracked 
| 125|0x00000000e7d00000, 0x00000000e7d00000, 0x00000000e7e00000|  0%| F|  |TAMS 0x00000000e7d00000, 0x00000000e7d00000| Untracked 
| 126|0x00000000e7e00000, 0x00000000e7e00000, 0x00000000e7f00000|  0%| F|  |TAMS 0x00000000e7e00000, 0x00000000e7e00000| Untracked 
| 127|0x00000000e7f00000, 0x00000000e7f00000, 0x00000000e8000000|  0%| F|  |TAMS 0x00000000e7f00000, 0x00000000e7f00000| Untracked 
| 128|0x00000000e8000000, 0x00000000e8000000, 0x00000000e8100000|  0%| F|  |TAMS 0x00000000e8000000, 0x00000000e8000000| Untracked 
| 129|0x00000000e8100000, 0x00000000e8100000, 0x00000000e8200000|  0%| F|  |TAMS 0x00000000e8100000, 0x00000000e8100000| Untracked 
| 130|0x00000000e8200000, 0x00000000e8200000, 0x00000000e8300000|  0%| F|  |TAMS 0x00000000e8200000, 0x00000000e8200000| Untracked 
| 131|0x00000000e8300000, 0x00000000e8300000, 0x00000000e8400000|  0%| F|  |TAMS 0x00000000e8300000, 0x00000000e8300000| Untracked 
| 132|0x00000000e8400000, 0x00000000e8400000, 0x00000000e8500000|  0%| F|  |TAMS 0x00000000e8400000, 0x00000000e8400000| Untracked 
| 133|0x00000000e8500000, 0x00000000e8500000, 0x00000000e8600000|  0%| F|  |TAMS 0x00000000e8500000, 0x00000000e8500000| Untracked 
| 134|0x00000000e8600000, 0x00000000e8600000, 0x00000000e8700000|  0%| F|  |TAMS 0x00000000e8600000, 0x00000000e8600000| Untracked 
| 135|0x00000000e8700000, 0x00000000e8700000, 0x00000000e8800000|  0%| F|  |TAMS 0x00000000e8700000, 0x00000000e8700000| Untracked 
| 136|0x00000000e8800000, 0x00000000e8800000, 0x00000000e8900000|  0%| F|  |TAMS 0x00000000e8800000, 0x00000000e8800000| Untracked 
| 137|0x00000000e8900000, 0x00000000e8900000, 0x00000000e8a00000|  0%| F|  |TAMS 0x00000000e8900000, 0x00000000e8900000| Untracked 
| 138|0x00000000e8a00000, 0x00000000e8a00000, 0x00000000e8b00000|  0%| F|  |TAMS 0x00000000e8a00000, 0x00000000e8a00000| Untracked 
| 139|0x00000000e8b00000, 0x00000000e8b00000, 0x00000000e8c00000|  0%| F|  |TAMS 0x00000000e8b00000, 0x00000000e8b00000| Untracked 
| 140|0x00000000e8c00000, 0x00000000e8c00000, 0x00000000e8d00000|  0%| F|  |TAMS 0x00000000e8c00000, 0x00000000e8c00000| Untracked 
| 141|0x00000000e8d00000, 0x00000000e8d00000, 0x00000000e8e00000|  0%| F|  |TAMS 0x00000000e8d00000, 0x00000000e8d00000| Untracked 
| 142|0x00000000e8e00000, 0x00000000e8e00000, 0x00000000e8f00000|  0%| F|  |TAMS 0x00000000e8e00000, 0x00000000e8e00000| Untracked 
| 143|0x00000000e8f00000, 0x00000000e8f00000, 0x00000000e9000000|  0%| F|  |TAMS 0x00000000e8f00000, 0x00000000e8f00000| Untracked 
| 144|0x00000000e9000000, 0x00000000e9000000, 0x00000000e9100000|  0%| F|  |TAMS 0x00000000e9000000, 0x00000000e9000000| Untracked 
| 145|0x00000000e9100000, 0x00000000e9100000, 0x00000000e9200000|  0%| F|  |TAMS 0x00000000e9100000, 0x00000000e9100000| Untracked 
| 146|0x00000000e9200000, 0x00000000e9200000, 0x00000000e9300000|  0%| F|  |TAMS 0x00000000e9200000, 0x00000000e9200000| Untracked 
| 147|0x00000000e9300000, 0x00000000e9300000, 0x00000000e9400000|  0%| F|  |TAMS 0x00000000e9300000, 0x00000000e9300000| Untracked 
| 148|0x00000000e9400000, 0x00000000e9400000, 0x00000000e9500000|  0%| F|  |TAMS 0x00000000e9400000, 0x00000000e9400000| Untracked 
| 149|0x00000000e9500000, 0x00000000e9500000, 0x00000000e9600000|  0%| F|  |TAMS 0x00000000e9500000, 0x00000000e9500000| Untracked 
| 150|0x00000000e9600000, 0x00000000e9600000, 0x00000000e9700000|  0%| F|  |TAMS 0x00000000e9600000, 0x00000000e9600000| Untracked 
| 151|0x00000000e9700000, 0x00000000e9700000, 0x00000000e9800000|  0%| F|  |TAMS 0x00000000e9700000, 0x00000000e9700000| Untracked 
| 152|0x00000000e9800000, 0x00000000e9800000, 0x00000000e9900000|  0%| F|  |TAMS 0x00000000e9800000, 0x00000000e9800000| Untracked 
| 153|0x00000000e9900000, 0x00000000e9900000, 0x00000000e9a00000|  0%| F|  |TAMS 0x00000000e9900000, 0x00000000e9900000| Untracked 
| 154|0x00000000e9a00000, 0x00000000e9a00000, 0x00000000e9b00000|  0%| F|  |TAMS 0x00000000e9a00000, 0x00000000e9a00000| Untracked 
| 155|0x00000000e9b00000, 0x00000000e9b00000, 0x00000000e9c00000|  0%| F|  |TAMS 0x00000000e9b00000, 0x00000000e9b00000| Untracked 
| 156|0x00000000e9c00000, 0x00000000e9c00000, 0x00000000e9d00000|  0%| F|  |TAMS 0x00000000e9c00000, 0x00000000e9c00000| Untracked 
| 157|0x00000000e9d00000, 0x00000000e9d00000, 0x00000000e9e00000|  0%| F|  |TAMS 0x00000000e9d00000, 0x00000000e9d00000| Untracked 
| 158|0x00000000e9e00000, 0x00000000e9e00000, 0x00000000e9f00000|  0%| F|  |TAMS 0x00000000e9e00000, 0x00000000e9e00000| Untracked 
| 159|0x00000000e9f00000, 0x00000000e9f00000, 0x00000000ea000000|  0%| F|  |TAMS 0x00000000e9f00000, 0x00000000e9f00000| Untracked 
| 160|0x00000000ea000000, 0x00000000ea000000, 0x00000000ea100000|  0%| F|  |TAMS 0x00000000ea000000, 0x00000000ea000000| Untracked 
| 161|0x00000000ea100000, 0x00000000ea100000, 0x00000000ea200000|  0%| F|  |TAMS 0x00000000ea100000, 0x00000000ea100000| Untracked 
| 162|0x00000000ea200000, 0x00000000ea200000, 0x00000000ea300000|  0%| F|  |TAMS 0x00000000ea200000, 0x00000000ea200000| Untracked 
| 163|0x00000000ea300000, 0x00000000ea300000, 0x00000000ea400000|  0%| F|  |TAMS 0x00000000ea300000, 0x00000000ea300000| Untracked 
| 164|0x00000000ea400000, 0x00000000ea400000, 0x00000000ea500000|  0%| F|  |TAMS 0x00000000ea400000, 0x00000000ea400000| Untracked 
| 165|0x00000000ea500000, 0x00000000ea500000, 0x00000000ea600000|  0%| F|  |TAMS 0x00000000ea500000, 0x00000000ea500000| Untracked 
| 166|0x00000000ea600000, 0x00000000ea600000, 0x00000000ea700000|  0%| F|  |TAMS 0x00000000ea600000, 0x00000000ea600000| Untracked 
| 167|0x00000000ea700000, 0x00000000ea700000, 0x00000000ea800000|  0%| F|  |TAMS 0x00000000ea700000, 0x00000000ea700000| Untracked 
| 168|0x00000000ea800000, 0x00000000ea800000, 0x00000000ea900000|  0%| F|  |TAMS 0x00000000ea800000, 0x00000000ea800000| Untracked 
| 169|0x00000000ea900000, 0x00000000ea900000, 0x00000000eaa00000|  0%| F|  |TAMS 0x00000000ea900000, 0x00000000ea900000| Untracked 
| 170|0x00000000eaa00000, 0x00000000eaa00000, 0x00000000eab00000|  0%| F|  |TAMS 0x00000000eaa00000, 0x00000000eaa00000| Untracked 
| 171|0x00000000eab00000, 0x00000000eab00000, 0x00000000eac00000|  0%| F|  |TAMS 0x00000000eab00000, 0x00000000eab00000| Untracked 
| 172|0x00000000eac00000, 0x00000000eac00000, 0x00000000ead00000|  0%| F|  |TAMS 0x00000000eac00000, 0x00000000eac00000| Untracked 
| 173|0x00000000ead00000, 0x00000000ead00000, 0x00000000eae00000|  0%| F|  |TAMS 0x00000000ead00000, 0x00000000ead00000| Untracked 
| 174|0x00000000eae00000, 0x00000000eae00000, 0x00000000eaf00000|  0%| F|  |TAMS 0x00000000eae00000, 0x00000000eae00000| Untracked 
| 175|0x00000000eaf00000, 0x00000000eaf00000, 0x00000000eb000000|  0%| F|  |TAMS 0x00000000eaf00000, 0x00000000eaf00000| Untracked 
| 176|0x00000000eb000000, 0x00000000eb000000, 0x00000000eb100000|  0%| F|  |TAMS 0x00000000eb000000, 0x00000000eb000000| Untracked 
| 177|0x00000000eb100000, 0x00000000eb173f80, 0x00000000eb200000| 45%| S|CS|TAMS 0x00000000eb100000, 0x00000000eb100000| Complete 
| 178|0x00000000eb200000, 0x00000000eb300000, 0x00000000eb300000|100%| S|CS|TAMS 0x00000000eb200000, 0x00000000eb200000| Complete 
| 179|0x00000000eb300000, 0x00000000eb400000, 0x00000000eb400000|100%| S|CS|TAMS 0x00000000eb300000, 0x00000000eb300000| Complete 
| 180|0x00000000eb400000, 0x00000000eb500000, 0x00000000eb500000|100%| S|CS|TAMS 0x00000000eb400000, 0x00000000eb400000| Complete 
| 181|0x00000000eb500000, 0x00000000eb600000, 0x00000000eb600000|100%| S|CS|TAMS 0x00000000eb500000, 0x00000000eb500000| Complete 
| 182|0x00000000eb600000, 0x00000000eb700000, 0x00000000eb700000|100%| S|CS|TAMS 0x00000000eb600000, 0x00000000eb600000| Complete 
| 183|0x00000000eb700000, 0x00000000eb800000, 0x00000000eb800000|100%| S|CS|TAMS 0x00000000eb700000, 0x00000000eb700000| Complete 
| 184|0x00000000eb800000, 0x00000000eb900000, 0x00000000eb900000|100%| S|CS|TAMS 0x00000000eb800000, 0x00000000eb800000| Complete 
| 185|0x00000000eb900000, 0x00000000eb900000, 0x00000000eba00000|  0%| F|  |TAMS 0x00000000eb900000, 0x00000000eb900000| Untracked 
| 186|0x00000000eba00000, 0x00000000eba00000, 0x00000000ebb00000|  0%| F|  |TAMS 0x00000000eba00000, 0x00000000eba00000| Untracked 
| 187|0x00000000ebb00000, 0x00000000ebb00000, 0x00000000ebc00000|  0%| F|  |TAMS 0x00000000ebb00000, 0x00000000ebb00000| Untracked 
| 188|0x00000000ebc00000, 0x00000000ebc00000, 0x00000000ebd00000|  0%| F|  |TAMS 0x00000000ebc00000, 0x00000000ebc00000| Untracked 
| 189|0x00000000ebd00000, 0x00000000ebd00000, 0x00000000ebe00000|  0%| F|  |TAMS 0x00000000ebd00000, 0x00000000ebd00000| Untracked 
| 190|0x00000000ebe00000, 0x00000000ebe00000, 0x00000000ebf00000|  0%| F|  |TAMS 0x00000000ebe00000, 0x00000000ebe00000| Untracked 
| 191|0x00000000ebf00000, 0x00000000ebf00000, 0x00000000ec000000|  0%| F|  |TAMS 0x00000000ebf00000, 0x00000000ebf00000| Untracked 
| 192|0x00000000ec000000, 0x00000000ec000000, 0x00000000ec100000|  0%| F|  |TAMS 0x00000000ec000000, 0x00000000ec000000| Untracked 
| 193|0x00000000ec100000, 0x00000000ec100000, 0x00000000ec200000|  0%| F|  |TAMS 0x00000000ec100000, 0x00000000ec100000| Untracked 
| 194|0x00000000ec200000, 0x00000000ec200000, 0x00000000ec300000|  0%| F|  |TAMS 0x00000000ec200000, 0x00000000ec200000| Untracked 
| 195|0x00000000ec300000, 0x00000000ec300000, 0x00000000ec400000|  0%| F|  |TAMS 0x00000000ec300000, 0x00000000ec300000| Untracked 
| 196|0x00000000ec400000, 0x00000000ec400000, 0x00000000ec500000|  0%| F|  |TAMS 0x00000000ec400000, 0x00000000ec400000| Untracked 
| 197|0x00000000ec500000, 0x00000000ec500000, 0x00000000ec600000|  0%| F|  |TAMS 0x00000000ec500000, 0x00000000ec500000| Untracked 
| 198|0x00000000ec600000, 0x00000000ec600000, 0x00000000ec700000|  0%| F|  |TAMS 0x00000000ec600000, 0x00000000ec600000| Untracked 
| 199|0x00000000ec700000, 0x00000000ec700000, 0x00000000ec800000|  0%| F|  |TAMS 0x00000000ec700000, 0x00000000ec700000| Untracked 
| 200|0x00000000ec800000, 0x00000000ec800000, 0x00000000ec900000|  0%| F|  |TAMS 0x00000000ec800000, 0x00000000ec800000| Untracked 
| 201|0x00000000ec900000, 0x00000000ec980800, 0x00000000eca00000| 50%| E|  |TAMS 0x00000000ec900000, 0x00000000ec900000| Complete 
| 202|0x00000000eca00000, 0x00000000ecb00000, 0x00000000ecb00000|100%| E|CS|TAMS 0x00000000eca00000, 0x00000000eca00000| Complete 
| 203|0x00000000ecb00000, 0x00000000ecc00000, 0x00000000ecc00000|100%| E|CS|TAMS 0x00000000ecb00000, 0x00000000ecb00000| Complete 
| 204|0x00000000ecc00000, 0x00000000ecd00000, 0x00000000ecd00000|100%| E|CS|TAMS 0x00000000ecc00000, 0x00000000ecc00000| Complete 
| 205|0x00000000ecd00000, 0x00000000ece00000, 0x00000000ece00000|100%| E|CS|TAMS 0x00000000ecd00000, 0x00000000ecd00000| Complete 
| 206|0x00000000ece00000, 0x00000000ecf00000, 0x00000000ecf00000|100%| E|CS|TAMS 0x00000000ece00000, 0x00000000ece00000| Complete 
| 207|0x00000000ecf00000, 0x00000000ed000000, 0x00000000ed000000|100%| E|CS|TAMS 0x00000000ecf00000, 0x00000000ecf00000| Complete 
| 208|0x00000000ed000000, 0x00000000ed100000, 0x00000000ed100000|100%| E|CS|TAMS 0x00000000ed000000, 0x00000000ed000000| Complete 
| 209|0x00000000ed100000, 0x00000000ed200000, 0x00000000ed200000|100%| E|CS|TAMS 0x00000000ed100000, 0x00000000ed100000| Complete 
| 210|0x00000000ed200000, 0x00000000ed300000, 0x00000000ed300000|100%| E|CS|TAMS 0x00000000ed200000, 0x00000000ed200000| Complete 
| 211|0x00000000ed300000, 0x00000000ed400000, 0x00000000ed400000|100%| E|CS|TAMS 0x00000000ed300000, 0x00000000ed300000| Complete 
| 212|0x00000000ed400000, 0x00000000ed500000, 0x00000000ed500000|100%| E|CS|TAMS 0x00000000ed400000, 0x00000000ed400000| Complete 
| 213|0x00000000ed500000, 0x00000000ed600000, 0x00000000ed600000|100%| E|CS|TAMS 0x00000000ed500000, 0x00000000ed500000| Complete 
| 214|0x00000000ed600000, 0x00000000ed700000, 0x00000000ed700000|100%| E|CS|TAMS 0x00000000ed600000, 0x00000000ed600000| Complete 
| 215|0x00000000ed700000, 0x00000000ed800000, 0x00000000ed800000|100%| E|CS|TAMS 0x00000000ed700000, 0x00000000ed700000| Complete 
| 216|0x00000000ed800000, 0x00000000ed900000, 0x00000000ed900000|100%| E|CS|TAMS 0x00000000ed800000, 0x00000000ed800000| Complete 
| 217|0x00000000ed900000, 0x00000000eda00000, 0x00000000eda00000|100%| E|CS|TAMS 0x00000000ed900000, 0x00000000ed900000| Complete 
| 218|0x00000000eda00000, 0x00000000edb00000, 0x00000000edb00000|100%| E|CS|TAMS 0x00000000eda00000, 0x00000000eda00000| Complete 
| 219|0x00000000edb00000, 0x00000000edc00000, 0x00000000edc00000|100%| E|CS|TAMS 0x00000000edb00000, 0x00000000edb00000| Complete 
| 220|0x00000000edc00000, 0x00000000edd00000, 0x00000000edd00000|100%| E|CS|TAMS 0x00000000edc00000, 0x00000000edc00000| Complete 
| 221|0x00000000edd00000, 0x00000000ede00000, 0x00000000ede00000|100%| E|CS|TAMS 0x00000000edd00000, 0x00000000edd00000| Complete 
| 222|0x00000000ede00000, 0x00000000edf00000, 0x00000000edf00000|100%| E|CS|TAMS 0x00000000ede00000, 0x00000000ede00000| Complete 
| 223|0x00000000edf00000, 0x00000000ee000000, 0x00000000ee000000|100%| E|CS|TAMS 0x00000000edf00000, 0x00000000edf00000| Complete 
| 224|0x00000000ee000000, 0x00000000ee100000, 0x00000000ee100000|100%| E|CS|TAMS 0x00000000ee000000, 0x00000000ee000000| Complete 
| 225|0x00000000ee100000, 0x00000000ee200000, 0x00000000ee200000|100%| E|CS|TAMS 0x00000000ee100000, 0x00000000ee100000| Complete 
| 226|0x00000000ee200000, 0x00000000ee300000, 0x00000000ee300000|100%| E|CS|TAMS 0x00000000ee200000, 0x00000000ee200000| Complete 
| 227|0x00000000ee300000, 0x00000000ee400000, 0x00000000ee400000|100%| E|CS|TAMS 0x00000000ee300000, 0x00000000ee300000| Complete 
| 228|0x00000000ee400000, 0x00000000ee500000, 0x00000000ee500000|100%| E|CS|TAMS 0x00000000ee400000, 0x00000000ee400000| Complete 
| 229|0x00000000ee500000, 0x00000000ee600000, 0x00000000ee600000|100%| E|CS|TAMS 0x00000000ee500000, 0x00000000ee500000| Complete 
| 230|0x00000000ee600000, 0x00000000ee700000, 0x00000000ee700000|100%| E|CS|TAMS 0x00000000ee600000, 0x00000000ee600000| Complete 
| 231|0x00000000ee700000, 0x00000000ee800000, 0x00000000ee800000|100%| E|CS|TAMS 0x00000000ee700000, 0x00000000ee700000| Complete 
| 232|0x00000000ee800000, 0x00000000ee900000, 0x00000000ee900000|100%| E|CS|TAMS 0x00000000ee800000, 0x00000000ee800000| Complete 
| 233|0x00000000ee900000, 0x00000000eea00000, 0x00000000eea00000|100%| E|CS|TAMS 0x00000000ee900000, 0x00000000ee900000| Complete 
| 234|0x00000000eea00000, 0x00000000eeb00000, 0x00000000eeb00000|100%| E|CS|TAMS 0x00000000eea00000, 0x00000000eea00000| Complete 
| 235|0x00000000eeb00000, 0x00000000eec00000, 0x00000000eec00000|100%| E|CS|TAMS 0x00000000eeb00000, 0x00000000eeb00000| Complete 
| 236|0x00000000eec00000, 0x00000000eed00000, 0x00000000eed00000|100%| E|CS|TAMS 0x00000000eec00000, 0x00000000eec00000| Complete 
| 237|0x00000000eed00000, 0x00000000eee00000, 0x00000000eee00000|100%| E|CS|TAMS 0x00000000eed00000, 0x00000000eed00000| Complete 
| 238|0x00000000eee00000, 0x00000000eef00000, 0x00000000eef00000|100%| E|CS|TAMS 0x00000000eee00000, 0x00000000eee00000| Complete 
| 239|0x00000000eef00000, 0x00000000ef000000, 0x00000000ef000000|100%| E|CS|TAMS 0x00000000eef00000, 0x00000000eef00000| Complete 
| 240|0x00000000ef000000, 0x00000000ef100000, 0x00000000ef100000|100%| E|CS|TAMS 0x00000000ef000000, 0x00000000ef000000| Complete 
| 241|0x00000000ef100000, 0x00000000ef200000, 0x00000000ef200000|100%| E|CS|TAMS 0x00000000ef100000, 0x00000000ef100000| Complete 
| 242|0x00000000ef200000, 0x00000000ef300000, 0x00000000ef300000|100%| E|CS|TAMS 0x00000000ef200000, 0x00000000ef200000| Complete 
| 243|0x00000000ef300000, 0x00000000ef400000, 0x00000000ef400000|100%| E|CS|TAMS 0x00000000ef300000, 0x00000000ef300000| Complete 
| 244|0x00000000ef400000, 0x00000000ef500000, 0x00000000ef500000|100%| E|CS|TAMS 0x00000000ef400000, 0x00000000ef400000| Complete 
| 245|0x00000000ef500000, 0x00000000ef600000, 0x00000000ef600000|100%| E|CS|TAMS 0x00000000ef500000, 0x00000000ef500000| Complete 
| 246|0x00000000ef600000, 0x00000000ef700000, 0x00000000ef700000|100%| E|CS|TAMS 0x00000000ef600000, 0x00000000ef600000| Complete 
| 247|0x00000000ef700000, 0x00000000ef800000, 0x00000000ef800000|100%| E|CS|TAMS 0x00000000ef700000, 0x00000000ef700000| Complete 
| 248|0x00000000ef800000, 0x00000000ef900000, 0x00000000ef900000|100%| E|CS|TAMS 0x00000000ef800000, 0x00000000ef800000| Complete 
| 249|0x00000000ef900000, 0x00000000efa00000, 0x00000000efa00000|100%| E|CS|TAMS 0x00000000ef900000, 0x00000000ef900000| Complete 
| 250|0x00000000efa00000, 0x00000000efb00000, 0x00000000efb00000|100%| E|CS|TAMS 0x00000000efa00000, 0x00000000efa00000| Complete 
| 251|0x00000000efb00000, 0x00000000efc00000, 0x00000000efc00000|100%| E|CS|TAMS 0x00000000efb00000, 0x00000000efb00000| Complete 
| 252|0x00000000efc00000, 0x00000000efd00000, 0x00000000efd00000|100%| E|CS|TAMS 0x00000000efc00000, 0x00000000efc00000| Complete 
| 253|0x00000000efd00000, 0x00000000efe00000, 0x00000000efe00000|100%| E|CS|TAMS 0x00000000efd00000, 0x00000000efd00000| Complete 
| 254|0x00000000efe00000, 0x00000000eff00000, 0x00000000eff00000|100%| E|CS|TAMS 0x00000000efe00000, 0x00000000efe00000| Complete 
| 255|0x00000000eff00000, 0x00000000f0000000, 0x00000000f0000000|100%| E|CS|TAMS 0x00000000eff00000, 0x00000000eff00000| Complete 

Card table byte_map: [0x00000257a9510000,0x00000257a9610000] _byte_map_base: 0x00000257a8e10000

Marking Bits (Prev, Next): (CMBitMap*) 0x000002578ea7ee78, (CMBitMap*) 0x000002578ea7eeb0
 Prev Bits: [0x00000257a9710000, 0x00000257a9f10000)
 Next Bits: [0x00000257a9f10000, 0x00000257aa710000)

Polling page: 0x000002578eb40000

Metaspace:

Usage:
  Non-class:     36.10 MB capacity,    35.42 MB ( 98%) used,   599.52 KB (  2%) free+waste,   101.00 KB ( <1%) overhead. 
      Class:      5.44 MB capacity,     5.06 MB ( 93%) used,   335.01 KB (  6%) free+waste,    48.31 KB ( <1%) overhead. 
       Both:     41.54 MB capacity,    40.48 MB ( 97%) used,   934.52 KB (  2%) free+waste,   149.31 KB ( <1%) overhead. 

Virtual space:
  Non-class space:       38.00 MB reserved,      36.17 MB ( 95%) committed 
      Class space:      248.00 MB reserved,       5.50 MB (  2%) committed 
             Both:      286.00 MB reserved,      41.67 MB ( 15%) committed 

Chunk freelists:
   Non-Class:  5.00 KB
       Class:  2.00 KB
        Both:  7.00 KB

MaxMetaspaceSize: 256.00 MB
CompressedClassSpaceSize: 248.00 MB
Initial GC threshold: 20.80 MB
Current GC threshold: 58.83 MB
CDS: off

CodeHeap 'non-profiled nmethods': size=120064Kb used=1921Kb max_used=1921Kb free=118142Kb
 bounds [0x00000257a18b0000, 0x00000257a1b20000, 0x00000257a8df0000]
CodeHeap 'profiled nmethods': size=120000Kb used=7694Kb max_used=7694Kb free=112305Kb
 bounds [0x000002579a380000, 0x000002579ab10000, 0x00000257a18b0000]
CodeHeap 'non-nmethods': size=5696Kb used=2273Kb max_used=2303Kb free=3423Kb
 bounds [0x0000025799df0000, 0x000002579a060000, 0x000002579a380000]
 total_blobs=4484 nmethods=3719 adapters=677
 compilation: enabled
              stopped_count=0, restarted_count=0
 full_count=0

Compilation events (20 events):
Event: 4.219 Thread 0x00000257acd3f000 nmethod 3686 0x000002579aad2d10 code [0x000002579aad3040, 0x000002579aad42e8]
Event: 4.219 Thread 0x00000257acd3f000 3687       3       groovy.lang.MetaClassImpl::addMetaMethodToIndex (65 bytes)
Event: 4.219 Thread 0x00000257acd3f000 nmethod 3687 0x000002579aad4790 code [0x000002579aad49a0, 0x000002579aad4e58]
Event: 4.219 Thread 0x00000257acd3f000 3685       1       org.codehaus.groovy.reflection.stdclasses.ObjectCachedClass::isAssignableFrom (2 bytes)
Event: 4.219 Thread 0x00000257acd3f000 nmethod 3685 0x00000257a1a8ba10 code [0x00000257a1a8bbc0, 0x00000257a1a8bc78]
Event: 4.219 Thread 0x00000257acd3f000 3690       1       org.codehaus.groovy.runtime.metaclass.NewStaticMetaMethod::getModifiers (3 bytes)
Event: 4.219 Thread 0x00000257acd3f000 nmethod 3690 0x00000257a1a8bd10 code [0x00000257a1a8bec0, 0x00000257a1a8bf78]
Event: 4.220 Thread 0x00000257acd3f000 3692       1       java.lang.Thread::getThreadGroup (5 bytes)
Event: 4.220 Thread 0x00000257acd3f000 nmethod 3692 0x00000257a1a8c010 code [0x00000257a1a8c1c0, 0x00000257a1a8c278]
Event: 4.221 Thread 0x00000257acd3e000 nmethod 3628% 0x00000257a1a8c310 code [0x00000257a1a8c5c0, 0x00000257a1a8cec0]
Event: 4.221 Thread 0x00000257acd3e000 3662       4       java.util.ArrayList::indexOfRange (71 bytes)
Event: 4.223 Thread 0x00000257acd3e000 nmethod 3662 0x00000257a1a8d510 code [0x00000257a1a8d6a0, 0x00000257a1a8d7b8]
Event: 4.223 Thread 0x00000257acd3e000 3691       4       org.codehaus.groovy.reflection.CachedMethod::getModifiers (8 bytes)
Event: 4.224 Thread 0x00000257acd3e000 nmethod 3691 0x00000257a1a8d910 code [0x00000257a1a8daa0, 0x00000257a1a8db18]
Event: 4.224 Thread 0x00000257acd3e000 3629       4       java.lang.Class::reflectionData (43 bytes)
Event: 4.230 Thread 0x00000257acd3e000 nmethod 3629 0x00000257a1a8dc10 code [0x00000257a1a8dde0, 0x00000257a1a8e218]
Event: 4.231 Thread 0x00000257acd3e000 3693       4       java.lang.PublicMethods$Key::hashCode (19 bytes)
Event: 4.234 Thread 0x00000257acd3e000 nmethod 3693 0x00000257a1a8e410 code [0x00000257a1a8e5c0, 0x00000257a1a8e798]
Event: 4.234 Thread 0x00000257acd3e000 3694       4       java.util.LinkedHashMap$LinkedValueIterator::next (8 bytes)
Event: 4.234 Thread 0x00000257acd3f000 3695       3       groovy.lang.MetaClassImpl::filterPropertyMethod (305 bytes)

GC Heap History (14 events):
Event: 0.378 GC heap before
{Heap before GC invocations=0 (full 0):
 garbage-first heap   total 262144K, used 19456K [0x00000000e0000000, 0x0000000100000000)
  region size 1024K, 14 young (14336K), 0 survivors (0K)
 Metaspace       used 6751K, capacity 6937K, committed 7168K, reserved 262144K
  class space    used 570K, capacity 650K, committed 768K, reserved 253952K
}
Event: 0.381 GC heap after
{Heap after GC invocations=1 (full 0):
 garbage-first heap   total 262144K, used 8032K [0x00000000e0000000, 0x0000000100000000)
  region size 1024K, 2 young (2048K), 2 survivors (2048K)
 Metaspace       used 6751K, capacity 6937K, committed 7168K, reserved 262144K
  class space    used 570K, capacity 650K, committed 768K, reserved 253952K
}
Event: 0.674 GC heap before
{Heap before GC invocations=1 (full 0):
 garbage-first heap   total 262144K, used 23392K [0x00000000e0000000, 0x0000000100000000)
  region size 1024K, 17 young (17408K), 2 survivors (2048K)
 Metaspace       used 10888K, capacity 11071K, committed 11264K, reserved 264192K
  class space    used 1125K, capacity 1180K, committed 1280K, reserved 253952K
}
Event: 0.678 GC heap after
{Heap after GC invocations=2 (full 0):
 garbage-first heap   total 262144K, used 9867K [0x00000000e0000000, 0x0000000100000000)
  region size 1024K, 2 young (2048K), 2 survivors (2048K)
 Metaspace       used 10888K, capacity 11071K, committed 11264K, reserved 264192K
  class space    used 1125K, capacity 1180K, committed 1280K, reserved 253952K
}
Event: 0.915 GC heap before
{Heap before GC invocations=2 (full 0):
 garbage-first heap   total 262144K, used 32395K [0x00000000e0000000, 0x0000000100000000)
  region size 1024K, 24 young (24576K), 2 survivors (2048K)
 Metaspace       used 11219K, capacity 11459K, committed 11520K, reserved 264192K
  class space    used 1146K, capacity 1245K, committed 1280K, reserved 253952K
}
Event: 0.918 GC heap after
{Heap after GC invocations=3 (full 0):
 garbage-first heap   total 262144K, used 13151K [0x00000000e0000000, 0x0000000100000000)
  region size 1024K, 3 young (3072K), 3 survivors (3072K)
 Metaspace       used 11219K, capacity 11459K, committed 11520K, reserved 264192K
  class space    used 1146K, capacity 1245K, committed 1280K, reserved 253952K
}
Event: 1.581 GC heap before
{Heap before GC invocations=3 (full 0):
 garbage-first heap   total 262144K, used 48991K [0x00000000e0000000, 0x0000000100000000)
  region size 1024K, 38 young (38912K), 3 survivors (3072K)
 Metaspace       used 17677K, capacity 18077K, committed 18304K, reserved 270336K
  class space    used 2037K, capacity 2169K, committed 2176K, reserved 253952K
}
Event: 1.585 GC heap after
{Heap after GC invocations=4 (full 0):
 garbage-first heap   total 262144K, used 16801K [0x00000000e0000000, 0x0000000100000000)
  region size 1024K, 4 young (4096K), 4 survivors (4096K)
 Metaspace       used 17677K, capacity 18077K, committed 18304K, reserved 270336K
  class space    used 2037K, capacity 2169K, committed 2176K, reserved 253952K
}
Event: 1.828 GC heap before
{Heap before GC invocations=4 (full 0):
 garbage-first heap   total 262144K, used 45473K [0x00000000e0000000, 0x0000000100000000)
  region size 1024K, 33 young (33792K), 4 survivors (4096K)
 Metaspace       used 20834K, capacity 21216K, committed 21296K, reserved 274432K
  class space    used 2518K, capacity 2678K, committed 2688K, reserved 253952K
}
Event: 1.833 GC heap after
{Heap after GC invocations=5 (full 0):
 garbage-first heap   total 262144K, used 18083K [0x00000000e0000000, 0x0000000100000000)
  region size 1024K, 2 young (2048K), 2 survivors (2048K)
 Metaspace       used 20834K, capacity 21216K, committed 21296K, reserved 274432K
  class space    used 2518K, capacity 2678K, committed 2688K, reserved 253952K
}
Event: 2.601 GC heap before
{Heap before GC invocations=6 (full 0):
 garbage-first heap   total 262144K, used 76451K [0x00000000e0000000, 0x0000000100000000)
  region size 1024K, 60 young (61440K), 2 survivors (2048K)
 Metaspace       used 26694K, capacity 27450K, committed 27824K, reserved 278528K
  class space    used 3452K, capacity 3717K, committed 3840K, reserved 253952K
}
Event: 2.608 GC heap after
{Heap after GC invocations=7 (full 0):
 garbage-first heap   total 262144K, used 22147K [0x00000000e0000000, 0x0000000100000000)
  region size 1024K, 6 young (6144K), 6 survivors (6144K)
 Metaspace       used 26694K, capacity 27450K, committed 27824K, reserved 278528K
  class space    used 3452K, capacity 3717K, committed 3840K, reserved 253952K
}
Event: 3.409 GC heap before
{Heap before GC invocations=7 (full 0):
 garbage-first heap   total 262144K, used 87683K [0x00000000e0000000, 0x0000000100000000)
  region size 1024K, 71 young (72704K), 6 survivors (6144K)
 Metaspace       used 34786K, capacity 35714K, committed 35888K, reserved 286720K
  class space    used 4537K, capacity 4880K, committed 4992K, reserved 253952K
}
Event: 3.422 GC heap after
{Heap after GC invocations=8 (full 0):
 garbage-first heap   total 262144K, used 24467K [0x00000000e0000000, 0x0000000100000000)
  region size 1024K, 8 young (8192K), 8 survivors (8192K)
 Metaspace       used 34786K, capacity 35714K, committed 35888K, reserved 286720K
  class space    used 4537K, capacity 4880K, committed 4992K, reserved 253952K
}

Deoptimization events (20 events):
Event: 4.011 Thread 0x00000257add2f800 Uncommon trap: trap_request=0xffffffc6 fr.pc=0x00000257a1a754c8 relative=0x0000000000000cc8
Event: 4.011 Thread 0x00000257add2f800 Uncommon trap: reason=bimorphic_or_optimized_type_check action=maybe_recompile pc=0x00000257a1a754c8 method=java.util.stream.AbstractPipeline.copyIntoWithCancel(Ljava/util/stream/Sink;Ljava/util/Spliterator;)Z @ 19 c2
Event: 4.011 Thread 0x00000257add2f800 DEOPT PACKING pc=0x00000257a1a754c8 sp=0x000000c9697f8210
Event: 4.011 Thread 0x00000257add2f800 DEOPT UNPACKING pc=0x0000025799e3a1af sp=0x000000c9697f8100 mode 2
Event: 4.011 Thread 0x00000257add2f800 Uncommon trap: trap_request=0xffffffc6 fr.pc=0x00000257a1a754c8 relative=0x0000000000000cc8
Event: 4.011 Thread 0x00000257add2f800 Uncommon trap: reason=bimorphic_or_optimized_type_check action=maybe_recompile pc=0x00000257a1a754c8 method=java.util.stream.AbstractPipeline.copyIntoWithCancel(Ljava/util/stream/Sink;Ljava/util/Spliterator;)Z @ 19 c2
Event: 4.011 Thread 0x00000257add2f800 DEOPT PACKING pc=0x00000257a1a754c8 sp=0x000000c9697f8210
Event: 4.011 Thread 0x00000257add2f800 DEOPT UNPACKING pc=0x0000025799e3a1af sp=0x000000c9697f8100 mode 2
Event: 4.012 Thread 0x00000257add2f800 Uncommon trap: trap_request=0xffffffc6 fr.pc=0x00000257a1a754c8 relative=0x0000000000000cc8
Event: 4.012 Thread 0x00000257add2f800 Uncommon trap: reason=bimorphic_or_optimized_type_check action=maybe_recompile pc=0x00000257a1a754c8 method=java.util.stream.AbstractPipeline.copyIntoWithCancel(Ljava/util/stream/Sink;Ljava/util/Spliterator;)Z @ 19 c2
Event: 4.012 Thread 0x00000257add2f800 DEOPT PACKING pc=0x00000257a1a754c8 sp=0x000000c9697f80c0
Event: 4.012 Thread 0x00000257add2f800 DEOPT UNPACKING pc=0x0000025799e3a1af sp=0x000000c9697f7fb0 mode 2
Event: 4.012 Thread 0x00000257add2f800 Uncommon trap: trap_request=0xffffffc6 fr.pc=0x00000257a1a754c8 relative=0x0000000000000cc8
Event: 4.012 Thread 0x00000257add2f800 Uncommon trap: reason=bimorphic_or_optimized_type_check action=maybe_recompile pc=0x00000257a1a754c8 method=java.util.stream.AbstractPipeline.copyIntoWithCancel(Ljava/util/stream/Sink;Ljava/util/Spliterator;)Z @ 19 c2
Event: 4.012 Thread 0x00000257add2f800 DEOPT PACKING pc=0x00000257a1a754c8 sp=0x000000c9697f8210
Event: 4.012 Thread 0x00000257add2f800 DEOPT UNPACKING pc=0x0000025799e3a1af sp=0x000000c9697f8100 mode 2
Event: 4.170 Thread 0x00000257add2f800 Uncommon trap: trap_request=0xffffff4d fr.pc=0x00000257a19a8a3c relative=0x000000000000023c
Event: 4.170 Thread 0x00000257add2f800 Uncommon trap: reason=unstable_if action=reinterpret pc=0x00000257a19a8a3c method=java.util.HashMap.putVal(ILjava/lang/Object;Ljava/lang/Object;ZZ)Ljava/lang/Object; @ 162 c2
Event: 4.170 Thread 0x00000257add2f800 DEOPT PACKING pc=0x00000257a19a8a3c sp=0x000000c9697fa630
Event: 4.170 Thread 0x00000257add2f800 DEOPT UNPACKING pc=0x0000025799e3a1af sp=0x000000c9697fa540 mode 2

Classes redefined (0 events):
No events

Internal exceptions (20 events):
Event: 3.974 Thread 0x00000257add2f800 Exception <a 'java/lang/ClassNotFoundException'{0x00000000ed76df08}: org/gradle/invocation/DefaultGradle_DecoratedBeanInfo> (0x00000000ed76df08) thrown at [./src/hotspot/share/classfile/systemDictionary.cpp, line 230]
Event: 3.975 Thread 0x00000257add2f800 Exception <a 'java/lang/ClassNotFoundException'{0x00000000ed78fee8}: org/gradle/invocation/DefaultGradleBeanInfo> (0x00000000ed78fee8) thrown at [./src/hotspot/share/classfile/systemDictionary.cpp, line 230]
Event: 3.976 Thread 0x00000257add2f800 Exception <a 'java/lang/ClassNotFoundException'{0x00000000ed7b5e90}: org/gradle/api/internal/project/AbstractPluginAwareBeanInfo> (0x00000000ed7b5e90) thrown at [./src/hotspot/share/classfile/systemDictionary.cpp, line 230]
Event: 3.977 Thread 0x00000257add2f800 Exception <a 'java/lang/ClassNotFoundException'{0x00000000ed7dbf00}: org/gradle/api/internal/project/AbstractPluginAwareCustomizer> (0x00000000ed7dbf00) thrown at [./src/hotspot/share/classfile/systemDictionary.cpp, line 230]
Event: 3.978 Thread 0x00000257add2f800 Exception <a 'java/lang/ClassNotFoundException'{0x00000000ed604368}: org/gradle/invocation/DefaultGradleCustomizer> (0x00000000ed604368) thrown at [./src/hotspot/share/classfile/systemDictionary.cpp, line 230]
Event: 3.980 Thread 0x00000257add2f800 Exception <a 'java/lang/ClassNotFoundException'{0x00000000ed658b50}: org/gradle/invocation/DefaultGradle_DecoratedCustomizer> (0x00000000ed658b50) thrown at [./src/hotspot/share/classfile/systemDictionary.cpp, line 230]
Event: 4.045 Thread 0x00000257add2f800 Exception <a 'java/lang/ClassNotFoundException'{0x00000000ed366dd8}: init_95qtzvfqxw15lgh4yj8bt6beeBeanInfo> (0x00000000ed366dd8) thrown at [./src/hotspot/share/classfile/systemDictionary.cpp, line 230]
Event: 4.046 Thread 0x00000257add2f800 Exception <a 'java/lang/ClassNotFoundException'{0x00000000ed371d70}: init_95qtzvfqxw15lgh4yj8bt6beeCustomizer> (0x00000000ed371d70) thrown at [./src/hotspot/share/classfile/systemDictionary.cpp, line 230]
Event: 4.091 Thread 0x00000257add2f800 Exception <a 'java/lang/ClassNotFoundException'{0x00000000ed26fce0}: eclipsePlugin_pgjhno2jumx2qgyn9gen2ge5BeanInfo> (0x00000000ed26fce0) thrown at [./src/hotspot/share/classfile/systemDictionary.cpp, line 230]
Event: 4.092 Thread 0x00000257add2f800 Exception <a 'java/lang/ClassNotFoundException'{0x00000000ed27b5d0}: eclipsePlugin_pgjhno2jumx2qgyn9gen2ge5Customizer> (0x00000000ed27b5d0) thrown at [./src/hotspot/share/classfile/systemDictionary.cpp, line 230]
Event: 4.137 Thread 0x00000257add2f800 Exception <a 'java/lang/ClassNotFoundException'{0x00000000ed09b998}: org/gradle/internal/metaobject/ConfigureDelegateBeanInfo> (0x00000000ed09b998) thrown at [./src/hotspot/share/classfile/systemDictionary.cpp, line 230]
Event: 4.138 Thread 0x00000257add2f800 Exception <a 'java/lang/ClassNotFoundException'{0x00000000ed0c0b48}: org/gradle/internal/metaobject/ConfigureDelegateCustomizer> (0x00000000ed0c0b48) thrown at [./src/hotspot/share/classfile/systemDictionary.cpp, line 230]
Event: 4.144 Thread 0x00000257add2f800 Exception <a 'java/lang/ClassNotFoundException'{0x00000000ecf24628}: org/gradle/api/internal/initialization/DefaultScriptHandlerBeanInfo> (0x00000000ecf24628) thrown at [./src/hotspot/share/classfile/systemDictionary.cpp, line 230]
Event: 4.144 Thread 0x00000257add2f800 Exception <a 'java/lang/ClassNotFoundException'{0x00000000ecf4c9a0}: org/gradle/api/internal/initialization/DefaultScriptHandlerCustomizer> (0x00000000ecf4c9a0) thrown at [./src/hotspot/share/classfile/systemDictionary.cpp, line 230]
Event: 4.220 Thread 0x00000257add2f800 Exception <a 'java/lang/ClassNotFoundException'{0x00000000ecd5db58}: settings_3owwuthct180ugtg0smpzalwtBeanInfo> (0x00000000ecd5db58) thrown at [./src/hotspot/share/classfile/systemDictionary.cpp, line 230]
Event: 4.222 Thread 0x00000257add2f800 Exception <a 'java/lang/ClassNotFoundException'{0x00000000ecd72a00}: org/gradle/initialization/SettingsScriptBeanInfo> (0x00000000ecd72a00) thrown at [./src/hotspot/share/classfile/systemDictionary.cpp, line 230]
Event: 4.222 Thread 0x00000257add2f800 Exception <a 'java/lang/ClassNotFoundException'{0x00000000ecd89eb0}: org/gradle/plugin/use/internal/PluginsAwareScriptBeanInfo> (0x00000000ecd89eb0) thrown at [./src/hotspot/share/classfile/systemDictionary.cpp, line 230]
Event: 4.224 Thread 0x00000257add2f800 Exception <a 'java/lang/ClassNotFoundException'{0x00000000ecda1600}: org/gradle/plugin/use/internal/PluginsAwareScriptCustomizer> (0x00000000ecda1600) thrown at [./src/hotspot/share/classfile/systemDictionary.cpp, line 230]
Event: 4.230 Thread 0x00000257add2f800 Exception <a 'java/lang/ClassNotFoundException'{0x00000000ecdbed40}: org/gradle/initialization/SettingsScriptCustomizer> (0x00000000ecdbed40) thrown at [./src/hotspot/share/classfile/systemDictionary.cpp, line 230]
Event: 4.231 Thread 0x00000257add2f800 Exception <a 'java/lang/ClassNotFoundException'{0x00000000ecdd1ab0}: settings_3owwuthct180ugtg0smpzalwtCustomizer> (0x00000000ecdd1ab0) thrown at [./src/hotspot/share/classfile/systemDictionary.cpp, line 230]

Events (20 events):
Event: 4.222 loading class org/gradle/plugin/use/internal/PluginsAwareScriptBeanInfo
Event: 4.222 loading class org/gradle/plugin/use/internal/PluginsAwareScriptBeanInfo done
Event: 4.222 loading class org/gradle/plugin/use/internal/PluginsAwareScriptBeanInfo
Event: 4.222 loading class org/gradle/plugin/use/internal/PluginsAwareScriptBeanInfo done
Event: 4.222 loading class org/gradle/plugin/use/internal/PluginsAwareScriptCustomizer
Event: 4.222 loading class org/gradle/plugin/use/internal/PluginsAwareScriptCustomizer done
Event: 4.223 loading class org/gradle/plugin/use/internal/PluginsAwareScriptCustomizer
Event: 4.223 loading class org/gradle/plugin/use/internal/PluginsAwareScriptCustomizer done
Event: 4.223 loading class org/gradle/plugin/use/internal/PluginsAwareScriptCustomizer
Event: 4.223 loading class org/gradle/plugin/use/internal/PluginsAwareScriptCustomizer done
Event: 4.226 loading class org/gradle/initialization/SettingsScriptCustomizer
Event: 4.226 loading class org/gradle/initialization/SettingsScriptCustomizer done
Event: 4.229 loading class org/gradle/initialization/SettingsScriptCustomizer
Event: 4.229 loading class org/gradle/initialization/SettingsScriptCustomizer done
Event: 4.229 loading class org/gradle/initialization/SettingsScriptCustomizer
Event: 4.229 loading class org/gradle/initialization/SettingsScriptCustomizer done
Event: 4.231 loading class settings_3owwuthct180ugtg0smpzalwtCustomizer
Event: 4.231 loading class settings_3owwuthct180ugtg0smpzalwtCustomizer done
Event: 4.231 loading class settings_3owwuthct180ugtg0smpzalwtCustomizer
Event: 4.231 loading class settings_3owwuthct180ugtg0smpzalwtCustomizer done


Dynamic libraries:
0x00007ff73ba60000 - 0x00007ff73ba6d000 	C:\Program Files\OpenJDK\jdk-11.0.16.8-hotspot\bin\java.exe
0x00007ffe4e410000 - 0x00007ffe4e608000 	C:\Windows\SYSTEM32\ntdll.dll
0x00007ffe4cf30000 - 0x00007ffe4cfed000 	C:\Windows\System32\KERNEL32.DLL
0x00007ffe4bcb0000 - 0x00007ffe4bf7e000 	C:\Windows\System32\KERNELBASE.dll
0x00007ffe4c370000 - 0x00007ffe4c470000 	C:\Windows\System32\ucrtbase.dll
0x00007ffe3f3f0000 - 0x00007ffe3f407000 	C:\Program Files\OpenJDK\jdk-11.0.16.8-hotspot\bin\jli.dll
0x00007ffe3b4f0000 - 0x00007ffe3b505000 	C:\Program Files\OpenJDK\jdk-11.0.16.8-hotspot\bin\VCRUNTIME140.dll
0x00007ffe4d270000 - 0x00007ffe4d410000 	C:\Windows\System32\USER32.dll
0x00007ffe38500000 - 0x00007ffe3879a000 	C:\Windows\WinSxS\amd64_microsoft.windows.common-controls_6595b64144ccf1df_6.0.19041.1110_none_60b5254171f9507e\COMCTL32.dll
0x00007ffe4bc80000 - 0x00007ffe4bca2000 	C:\Windows\System32\win32u.dll
0x00007ffe4ce80000 - 0x00007ffe4cf1e000 	C:\Windows\System32\msvcrt.dll
0x00007ffe4ce50000 - 0x00007ffe4ce7a000 	C:\Windows\System32\GDI32.dll
0x00007ffe4c260000 - 0x00007ffe4c36b000 	C:\Windows\System32\gdi32full.dll
0x00007ffe4bbe0000 - 0x00007ffe4bc7d000 	C:\Windows\System32\msvcp_win.dll
0x00007ffe4c6d0000 - 0x00007ffe4c700000 	C:\Windows\System32\IMM32.DLL
0x00007ffe27520000 - 0x00007ffe275bb000 	C:\Program Files\OpenJDK\jdk-11.0.16.8-hotspot\bin\msvcp140.dll
0x00007ffe0a790000 - 0x00007ffe0b29e000 	C:\Program Files\OpenJDK\jdk-11.0.16.8-hotspot\bin\server\jvm.dll
0x00007ffe4d9b0000 - 0x00007ffe4da5e000 	C:\Windows\System32\ADVAPI32.dll
0x00007ffe4dd20000 - 0x00007ffe4ddbc000 	C:\Windows\System32\sechost.dll
0x00007ffe4de30000 - 0x00007ffe4df55000 	C:\Windows\System32\RPCRT4.dll
0x00007ffe4d150000 - 0x00007ffe4d158000 	C:\Windows\System32\PSAPI.DLL
0x00007ffe47110000 - 0x00007ffe47119000 	C:\Windows\SYSTEM32\WSOCK32.dll
0x00007ffe40fe0000 - 0x00007ffe41007000 	C:\Windows\SYSTEM32\WINMM.dll
0x00007ffe42a00000 - 0x00007ffe42a0a000 	C:\Windows\SYSTEM32\VERSION.dll
0x00007ffe4dcb0000 - 0x00007ffe4dd1b000 	C:\Windows\System32\WS2_32.dll
0x00007ffe49a40000 - 0x00007ffe49a52000 	C:\Windows\SYSTEM32\kernel.appcore.dll
0x00007ffe3f3e0000 - 0x00007ffe3f3f0000 	C:\Program Files\OpenJDK\jdk-11.0.16.8-hotspot\bin\verify.dll
0x00007ffe39180000 - 0x00007ffe39364000 	C:\Windows\SYSTEM32\DBGHELP.DLL
0x00007ffe34940000 - 0x00007ffe3496c000 	C:\Windows\SYSTEM32\dbgcore.DLL
0x00007ffe4bfd0000 - 0x00007ffe4c052000 	C:\Windows\System32\bcryptPrimitives.dll
0x00007ffe3a800000 - 0x00007ffe3a828000 	C:\Program Files\OpenJDK\jdk-11.0.16.8-hotspot\bin\java.dll
0x00007ffe3a720000 - 0x00007ffe3a72a000 	C:\Program Files\OpenJDK\jdk-11.0.16.8-hotspot\bin\jimage.dll
0x00007ffe39ee0000 - 0x00007ffe39ef8000 	C:\Program Files\OpenJDK\jdk-11.0.16.8-hotspot\bin\zip.dll
0x00007ffe4c700000 - 0x00007ffe4ce43000 	C:\Windows\System32\SHELL32.dll
0x00007ffe49c40000 - 0x00007ffe4a3d5000 	C:\Windows\SYSTEM32\windows.storage.dll
0x00007ffe4d5a0000 - 0x00007ffe4d8f4000 	C:\Windows\System32\combase.dll
0x00007ffe4b590000 - 0x00007ffe4b5c0000 	C:\Windows\SYSTEM32\Wldp.dll
0x00007ffe4c470000 - 0x00007ffe4c51d000 	C:\Windows\System32\SHCORE.dll
0x00007ffe4d540000 - 0x00007ffe4d595000 	C:\Windows\System32\shlwapi.dll
0x00007ffe4ba70000 - 0x00007ffe4ba8f000 	C:\Windows\SYSTEM32\profapi.dll
0x00007ffe37f10000 - 0x00007ffe37f29000 	C:\Program Files\OpenJDK\jdk-11.0.16.8-hotspot\bin\net.dll
0x00007ffe3fd80000 - 0x00007ffe3fe8a000 	C:\Windows\SYSTEM32\WINHTTP.dll
0x00007ffe4b2f0000 - 0x00007ffe4b35a000 	C:\Windows\system32\mswsock.dll
0x00007ffe37ac0000 - 0x00007ffe37ad3000 	C:\Program Files\OpenJDK\jdk-11.0.16.8-hotspot\bin\nio.dll
0x00007ffe3f7a0000 - 0x00007ffe3f7c7000 	C:\Users\saida\.gradle\native\e1d6ef7f7dcc3fd88c89a11ec53ec762bb8ba0a96d01ffa2cd45eb1d1d8dd5c5\windows-amd64\native-platform.dll
0x00007ffe1c190000 - 0x00007ffe1c2d4000 	C:\Users\saida\.gradle\native\5664cfc778a61ccfe75a443a1ab52a65af34e5dc3c78e0209fed803814484fcb\windows-amd64\native-platform-file-events.dll
0x00007ffe39ed0000 - 0x00007ffe39ed9000 	C:\Program Files\OpenJDK\jdk-11.0.16.8-hotspot\bin\management.dll
0x00007ffe39d90000 - 0x00007ffe39d9b000 	C:\Program Files\OpenJDK\jdk-11.0.16.8-hotspot\bin\management_ext.dll
0x00007ffe4b4e0000 - 0x00007ffe4b4f8000 	C:\Windows\SYSTEM32\CRYPTSP.dll
0x00007ffe4aba0000 - 0x00007ffe4abd4000 	C:\Windows\system32\rsaenh.dll
0x00007ffe4c060000 - 0x00007ffe4c087000 	C:\Windows\System32\bcrypt.dll
0x00007ffe4ba30000 - 0x00007ffe4ba5e000 	C:\Windows\SYSTEM32\USERENV.dll
0x00007ffe4b500000 - 0x00007ffe4b50c000 	C:\Windows\SYSTEM32\CRYPTBASE.dll
0x00007ffe4af90000 - 0x00007ffe4afcb000 	C:\Windows\SYSTEM32\IPHLPAPI.DLL
0x00007ffe4ddc0000 - 0x00007ffe4ddc8000 	C:\Windows\System32\NSI.dll
0x00007ffe45f60000 - 0x00007ffe45f77000 	C:\Windows\SYSTEM32\dhcpcsvc6.DLL
0x00007ffe45130000 - 0x00007ffe4514d000 	C:\Windows\SYSTEM32\dhcpcsvc.DLL
0x00007ffe4afe0000 - 0x00007ffe4b0aa000 	C:\Windows\SYSTEM32\DNSAPI.dll

dbghelp: loaded successfully - version: 4.0.5 - missing functions: none
symbol engine: initialized successfully - sym options: 0x614 - pdb path: .;C:\Program Files\OpenJDK\jdk-11.0.16.8-hotspot\bin;C:\Windows\SYSTEM32;C:\Windows\WinSxS\amd64_microsoft.windows.common-controls_6595b64144ccf1df_6.0.19041.1110_none_60b5254171f9507e;C:\Program Files\OpenJDK\jdk-11.0.16.8-hotspot\bin\server;C:\Users\saida\.gradle\native\e1d6ef7f7dcc3fd88c89a11ec53ec762bb8ba0a96d01ffa2cd45eb1d1d8dd5c5\windows-amd64;C:\Users\saida\.gradle\native\5664cfc778a61ccfe75a443a1ab52a65af34e5dc3c78e0209fed803814484fcb\windows-amd64

VM Arguments:
jvm_args: --add-opens=java.base/java.util=ALL-UNNAMED --add-opens=java.base/java.lang=ALL-UNNAMED --add-opens=java.base/java.lang.invoke=ALL-UNNAMED --add-opens=java.base/java.util=ALL-UNNAMED --add-opens=java.prefs/java.util.prefs=ALL-UNNAMED --add-opens=java.prefs/java.util.prefs=ALL-UNNAMED --add-opens=java.base/java.nio.charset=ALL-UNNAMED --add-opens=java.base/java.net=ALL-UNNAMED --add-opens=java.base/java.util.concurrent.atomic=ALL-UNNAMED -XX:MaxMetaspaceSize=256m -XX:+HeapDumpOnOutOfMemoryError -Xms256m -Xmx512m -Dfile.encoding=utf8 -Duser.country=IN -Duser.language=en -Duser.variant 
java_command: org.gradle.launcher.daemon.bootstrap.GradleDaemon 7.2
java_class_path (initial): C:\Users\saida\.gradle\wrapper\dists\gradle-7.2-all\260hg96vuh6ex27h9vo47iv4d\gradle-7.2\lib\gradle-launcher-7.2.jar
Launcher Type: SUN_STANDARD

[Global flags]
     intx CICompilerCount                          = 3                                         {product} {ergonomic}
   size_t CompressedClassSpaceSize                 = 260046848                                 {product} {ergonomic}
     uint ConcGCThreads                            = 1                                         {product} {ergonomic}
     uint G1ConcRefinementThreads                  = 4                                         {product} {ergonomic}
   size_t G1HeapRegionSize                         = 1048576                                   {product} {ergonomic}
    uintx GCDrainStackTargetSize                   = 64                                        {product} {ergonomic}
     bool HeapDumpOnOutOfMemoryError               = true                                   {manageable} {command line}
   size_t InitialHeapSize                          = 268435456                                 {product} {command line}
   size_t MarkStackSize                            = 4194304                                   {product} {ergonomic}
   size_t MaxHeapSize                              = 536870912                                 {product} {command line}
   size_t MaxMetaspaceSize                         = 268435456                                 {product} {command line}
   size_t MaxNewSize                               = 321912832                                 {product} {ergonomic}
   size_t MinHeapDeltaBytes                        = 1048576                                   {product} {ergonomic}
    uintx NonNMethodCodeHeapSize                   = 5830732                                {pd product} {ergonomic}
    uintx NonProfiledCodeHeapSize                  = 122913754                              {pd product} {ergonomic}
    uintx ProfiledCodeHeapSize                     = 122913754                              {pd product} {ergonomic}
    uintx ReservedCodeCacheSize                    = 251658240                              {pd product} {ergonomic}
     bool SegmentedCodeCache                       = true                                      {product} {ergonomic}
     bool UseCompressedClassPointers               = true                                 {lp64_product} {ergonomic}
     bool UseCompressedOops                        = true                                 {lp64_product} {ergonomic}
     bool UseG1GC                                  = true                                      {product} {ergonomic}
     bool UseLargePagesIndividualAllocation        = false                                  {pd product} {ergonomic}

Logging:
Log output configuration:
 #0: stdout all=warning uptime,level,tags
 #1: stderr all=off uptime,level,tags

Environment Variables:
JAVA_HOME=C:\Program Files\OpenJDK\jdk-11.0.16.8-hotspot\
PATH=C:\Program Files\OpenJDK\jdk-11.0.16.8-hotspot\bin;C:\Windows\system32;C:\Windows;C:\Windows\System32\Wbem;C:\Windows\System32\WindowsPowerShell\v1.0\;C:\Windows\System32\OpenSSH\;C:\Program Files (x86)\NVIDIA Corporation\PhysX\Common;C:\Program Files\Git\cmd;C:\Program Files\nodejs\;C:\Users\saida\AppData\Local\Microsoft\WindowsApps;C:\Users\saida\AppData\Local\Programs\Microsoft VS Code\bin;C:\Users\saida\AppData\Roaming\npm;C:\Users\saida\AppData\Local\Android\Sdk\platform-tools;
USERNAME=saida
OS=Windows_NT
PROCESSOR_IDENTIFIER=Intel64 Family 6 Model 158 Stepping 9, GenuineIntel
TMP=C:\Users\saida\AppData\Local\Temp
TEMP=C:\Users\saida\AppData\Local\Temp



---------------  S Y S T E M  ---------------

OS: Windows 10 , 64 bit Build 19041 (10.0.19041.1889)
OS uptime: 1 days 8:43 hours

CPU:total 4 (initial active 4) (4 cores per cpu, 1 threads per core) family 6 model 158 stepping 9 microcode 0xb4, cmov, cx8, fxsr, mmx, sse, sse2, sse3, ssse3, sse4.1, sse4.2, popcnt, avx, avx2, aes, clmul, erms, 3dnowpref, lzcnt, tsc, tscinvbit, bmi1, bmi2, adx, fma

Memory: 4k page, system-wide physical 8144M (1293M free)
TotalPageFile size 32720M (AvailPageFile size 3M)
current process WorkingSet (physical memory assigned to process): 255M, peak: 255M
current process commit charge ("private bytes"): 450M, peak: 451M

vm_info: OpenJDK 64-Bit Server VM (11.0.16+8-adhoc..jdk11u) for windows-amd64 JRE (11.0.16+8-adhoc..jdk11u), built on Jul 25 2022 05:50:54 by "" with MS VC++ 15.9 (VS2017)

END.
